[#2024-04-18 20:32:16,783 [main] [ERROR] com.infinira.sms.util.LoggerService - Deletion failed: Student with ID 12 not found.#]
[#2024-04-18 20:32:16,800 [main] [INFO] com.infinira.sms.util.LoggerService - Student details with ID 12 successfully deleted.#]
[#2024-04-18 20:35:52,604 [main] [ERROR] com.infinira.sms.util.LoggerService - Deletion failed: Student with ID 12 not found.#]
[#2024-04-18 20:35:52,613 [main] [INFO] com.infinira.sms.util.LoggerService - Student details with ID 12 successfully deleted.#]
[#2024-04-18 20:36:17,018 [main] [ERROR] com.infinira.sms.util.LoggerService - Deletion failed: Student with ID 12 not found.#]
[#2024-04-18 20:49:47,784 [main] [ERROR] com.infinira.sms.util.LoggerService - Deletion failed: Student with ID 12 not found. com.infinira.sms.util.SMSException: Deletion failed: Student with ID 12 not found.
	at com.infinira.sms.util.SMSUtil.throwException(SMSUtil.java:38)
	at com.infinira.sms.dao.StudentDAO.deleteStudent(StudentDAO.java:161)
	at com.infinira.sms.service.StudentService.deleteStudent(StudentService.java:33)
	at com.infinira.sms.test.TestStudent.deleteStudent(TestStudent.java:153)
	at com.infinira.sms.test.TestStudent.main(TestStudent.java:42)
#]
[#2024-04-18 20:49:47,795 [main] [INFO] com.infinira.sms.util.LoggerService - Student details with ID 12 successfully deleted.#]
[#2024-04-18 20:53:18,937 [main] [ERROR] com.infinira.sms.util.LoggerService - Deletion failed: Student with ID 12 not found. com.infinira.sms.util.SMSException: Deletion failed: Student with ID 12 not found.
	at com.infinira.sms.util.SMSUtil.throwException(SMSUtil.java:38)
	at com.infinira.sms.dao.StudentDAO.deleteStudent(StudentDAO.java:161)
	at com.infinira.sms.service.StudentService.deleteStudent(StudentService.java:33)
	at com.infinira.sms.test.TestStudent.deleteStudent(TestStudent.java:153)
	at com.infinira.sms.test.TestStudent.main(TestStudent.java:42)
#]
[#2024-04-18 20:53:18,948 [main] [INFO] com.infinira.sms.util.LoggerService - Student details with ID 12 successfully deleted.#]
[#2024-04-18 20:54:19,623 [main] [ERROR] com.infinira.sms.util.LoggerService - Deletion failed: Student with ID 12 not found. com.infinira.sms.util.SMSException: Deletion failed: Student with ID 12 not found.
	at com.infinira.sms.util.SMSUtil.throwException(SMSUtil.java:38)
	at com.infinira.sms.dao.StudentDAO.deleteStudent(StudentDAO.java:161)
	at com.infinira.sms.service.StudentService.deleteStudent(StudentService.java:33)
	at com.infinira.sms.test.TestStudent.deleteStudent(TestStudent.java:153)
	at com.infinira.sms.test.TestStudent.main(TestStudent.java:42)
#]
[#2024-04-18 20:54:19,635 [main] [INFO] com.infinira.sms.util.LoggerService - Student details with ID 12 successfully deleted.#]
[#2024-04-18 20:56:05,263 [main] [ERROR] com.infinira.sms.util.LoggerService - Deletion failed: Student with ID 12 not found. com.infinira.sms.util.SMSException: Deletion failed: Student with ID 12 not found.
	at com.infinira.sms.util.SMSUtil.throwException(SMSUtil.java:38)
	at com.infinira.sms.dao.StudentDAO.deleteStudent(StudentDAO.java:161)
	at com.infinira.sms.service.StudentService.deleteStudent(StudentService.java:33)
	at com.infinira.sms.test.TestStudent.deleteStudent(TestStudent.java:153)
	at com.infinira.sms.test.TestStudent.main(TestStudent.java:42)
#]
[#2024-04-18 20:59:43,689 [main] [ERROR] com.infinira.sms.util.LoggerService - Failed to create student details for Neeraj Pandey. com.infinira.sms.util.SMSException: Failed to create student details for Neeraj Pandey.
	at com.infinira.sms.util.SMSUtil.getException(SMSUtil.java:40)
	at com.infinira.sms.dao.StudentDAO.insertStudent(StudentDAO.java:63)
	at com.infinira.sms.service.StudentService.insertStudent(StudentService.java:13)
	at com.infinira.sms.test.TestStudent.insertStudent(TestStudent.java:67)
	at com.infinira.sms.test.TestStudent.main(TestStudent.java:31)
Caused by: org.postgresql.util.PSQLException: ERROR: duplicate key value violates unique constraint "student_phone_key"
  Detail: Key (phone)=(+91 7923792232) already exists.
	at org.postgresql.core.v3.QueryExecutorImpl.receiveErrorResponse(QueryExecutorImpl.java:2725)
	at org.postgresql.core.v3.QueryExecutorImpl.processResults(QueryExecutorImpl.java:2412)
	at org.postgresql.core.v3.QueryExecutorImpl.execute(QueryExecutorImpl.java:371)
	at org.postgresql.jdbc.PgStatement.executeInternal(PgStatement.java:502)
	at org.postgresql.jdbc.PgStatement.execute(PgStatement.java:419)
	at org.postgresql.jdbc.PgPreparedStatement.executeWithFlags(PgPreparedStatement.java:194)
	at org.postgresql.jdbc.PgPreparedStatement.executeUpdate(PgPreparedStatement.java:155)
	at com.infinira.sms.dao.StudentDAO.insertStudent(StudentDAO.java:55)
	... 3 more
#]
